<?xml version="1.0" encoding="UTF-8"?>
<testsuite xmlns:xsi="http://www.w3.org/2001/XMLSchema-instance" xsi:noNamespaceSchemaLocation="https://maven.apache.org/surefire/maven-surefire-plugin/xsd/surefire-test-report.xsd" name="AlumnoServicioTest" time="0.396" tests="4" errors="0" skipped="0" failures="1">
  <properties>
[...]
</properties>
  <testcase name="crearAlumnoTest" classname="AlumnoServicioTest" time="0.371">
    <failure message="expected: &lt;modelos.Alumno@4ce7fffa&gt; but was: &lt;null&gt;" type="org.opentest4j.AssertionFailedError"><![CDATA[org.opentest4j.AssertionFailedError: expected: <modelos.Alumno@4ce7fffa> but was: <null>
	at AlumnoServicioTest.crearAlumnoTest(AlumnoServicioTest.java:40)
]]></failure>
  </testcase>
  <testcase name="agregarMateriaTest" classname="AlumnoServicioTest" time="0.001"/>
  <testcase name="materiasPorAlumnosTest" classname="AlumnoServicioTest" time="0.001"/>
  <testcase name="listarAlumnosTest" classname="AlumnoServicioTest" time="0.001"/>
</testsuite>